C51 COMPILER V9.59.0.0   FM                                                                11/27/2019 22:35:17 PAGE 1   


C51 COMPILER V9.59.0.0, COMPILATION OF MODULE FM
OBJECT MODULE PLACED IN .\Objects\fm.obj
COMPILER INVOKED BY: C:\Keil_v5\C51\BIN\C51.EXE fm.c OPTIMIZE(8,SPEED) BROWSE DEBUG OBJECTEXTEND PRINT(.\Listings\fm.lst
                    -) TABS(2) OBJECT(.\Objects\fm.obj)

line level    source

   1             
   2          #include <reg52.h> 
   3          #include <stdio.h> 
   4          #include <intrins.h> 
   5          #include<string.h> 
   6          #define uchar unsigned char 
   7          #define uint unsigned int 
   8          #define BOOL bit  
   9          sbit DSPORT=P3^7;
  10          sbit SDA = P3 ^ 1;    
  11          sbit SCL = P3 ^ 2;    
  12          sbit KEY1 = P1 ^ 0;   
  13          sbit KEY2 = P1 ^ 1;   
  14          sbit RS=P2^6;                
  15          sbit RW=P2^5;                
  16          sbit EN=P2^7; 
  17          sbit LSA=P2^2; 
  18          sbit LSB=P2^3; 
  19          sbit LSC=P2^4; 
  20             
  21          unsigned char radio_write_data[5] = {0x30, 0x50, 0x70, 0x16, 0x80};   
  22          unsigned long frequency = 101100;                                     
  23          unsigned int pll = 101100;                                            
  24          //unsigned char code str1[]="Temp:";//ÊòæÁ§∫Ê∏©Â∫¶
  25          //unsigned char code str2[]="Freq:"; //ÊòæÁ§∫È¢ëÁéá
  26          unsigned char data DisplayData[6];//temperature
  27          unsigned char temp_temp[16];
  28          unsigned char temp_freq[16]; 
  29          void DelayUs2x(unsigned char t) 
  30          {    
  31   1       while(--t); 
  32   1      } 
  33          void DelayMs(unsigned char t) 
  34          {    
  35   1       while(t--) 
  36   1       { 
  37   2           DelayUs2x(245); 
  38   2         DelayUs2x(245); 
  39   2       } 
  40   1      } 
  41          void Delayus(unsigned char x)   
  42          { 
  43   1          for (; x > 0; x--) 
  44   1              ; 
  45   1      }  
  46          void iic_start()   
  47          { 
  48   1          SDA = 1; 
  49   1          Delayus(4); 
  50   1          SCL = 1; 
  51   1          Delayus(4); 
  52   1          SDA = 0; 
  53   1          Delayus(4); 
  54   1          SCL = 0; 
C51 COMPILER V9.59.0.0   FM                                                                11/27/2019 22:35:17 PAGE 2   

  55   1          Delayus(4); 
  56   1      }  
  57          void iic_stop()   
  58          { 
  59   1          SCL = 0; 
  60   1          Delayus(4); 
  61   1          SDA = 0; 
  62   1          Delayus(4); 
  63   1          SCL = 1; 
  64   1          Delayus(4); 
  65   1          SDA = 1; 
  66   1          Delayus(4); 
  67   1      }  
  68          void iic_ack()   
  69          { 
  70   1          SDA = 0; 
  71   1          Delayus(4); 
  72   1          SCL = 1; 
  73   1          Delayus(4); 
  74   1          SCL = 0; 
  75   1          Delayus(4); 
  76   1          SDA = 1; 
  77   1          Delayus(4); 
  78   1      }  
  79          bit iic_testack()   
  80          { 
  81   1          bit ErrorBit; 
  82   1          SDA = 1; 
  83   1          Delayus(4); 
  84   1          SCL = 1; 
  85   1          Delayus(4); 
  86   1          ErrorBit = SDA; 
  87   1          Delayus(4); 
  88   1          SCL = 0; 
  89   1          return ErrorBit; 
  90   1      }  
  91          void iic_write8bit(unsigned char input)   
  92          { 
  93   1          unsigned char temp; 
  94   1          for (temp = 8; temp > 0; temp--) 
  95   1          { 
  96   2              SDA = (bit)(input & 0x80); 
  97   2              Delayus(4); 
  98   2              SCL = 1; 
  99   2              Delayus(4); 
 100   2              SCL = 0; 
 101   2              Delayus(4); 
 102   2              input = input << 1; 
 103   2          } 
 104   1      }  
 105          void delays(unsigned char b)   
 106          { 
 107   1          unsigned char i; 
 108   1          for (b; b > 0; b--) 
 109   1              for (i = 0; i < 250; i++) 
 110   1                  ; 
 111   1      }  
 112          void radio_write(void)   
 113          { 
 114   1          unsigned char i; 
 115   1          iic_start(); 
 116   1          iic_write8bit(0xc0);   
C51 COMPILER V9.59.0.0   FM                                                                11/27/2019 22:35:17 PAGE 3   

 117   1          if (!iic_testack()) 
 118   1          { 
 119   2              for (i = 0; i < 5; i++) 
 120   2              { 
 121   3                  iic_write8bit(radio_write_data[i]); 
 122   3                  iic_ack(); 
 123   3              } 
 124   2          } 
 125   1          iic_stop(); 
 126   1      }  
 127          void search()   
 128          { 
 129   1          pll = (unsigned int)((float)((frequency + 225)) / (float)8.192);   
 130   1          radio_write_data[0] = pll / 256;                                   
 131   1          radio_write_data[1] = pll % 256;                                   
 132   1          radio_write_data[2] = 0x70;                                        
 133   1          radio_write_data[3] = 0x16;                                        
 134   1          radio_write_data[4] = 0x80;                                        
 135   1          radio_write(); 
 136   1      } 
 137          void lcddelay1ms(unsigned int ms)  
 138          { 
 139   1        unsigned char i; 
 140   1        while(ms--) 
 141   1        { 
 142   2          for(i = 0; i< 250; i++) 
 143   2          { 
 144   3           _nop_();     
 145   3           _nop_(); 
 146   3           _nop_();  
 147   3           _nop_(); 
 148   3          } 
 149   2        } 
 150   1      } 
 151          BOOL lcd_bz() 
 152          {                          
 153   1        BOOL result; 
 154   1        RS = 0; 
 155   1        RW = 1; 
 156   1        EN = 1; 
 157   1        _nop_(); 
 158   1        _nop_(); 
 159   1        _nop_(); 
 160   1        _nop_(); 
 161   1        result = (BOOL)(P0 & 0x80);    
 162   1        EN = 0; 
 163   1        return result;  
 164   1      } 
 165          void wr_com(int cmd)  
 166          {  
 167   1        while(lcd_bz()); 
 168   1        RS = 0; 
 169   1        RW = 0; 
 170   1        EN = 0; 
 171   1        _nop_(); 
 172   1        _nop_();  
 173   1        P0 = cmd;   
 174   1        _nop_(); 
 175   1        _nop_();   
 176   1        _nop_(); 
 177   1        _nop_(); 
 178   1        EN = 1; 
C51 COMPILER V9.59.0.0   FM                                                                11/27/2019 22:35:17 PAGE 4   

 179   1        _nop_(); 
 180   1        _nop_(); 
 181   1        _nop_(); 
 182   1        _nop_(); 
 183   1        EN = 0;   
 184   1      } 
 185          void lcd_wcmd(int cmd) 
 186            {                            
 187   1        while(lcd_bz()); 
 188   1        RS = 0; 
 189   1        RW = 0; 
 190   1        EN = 0; 
 191   1        _nop_(); 
 192   1        _nop_();  
 193   1        P0 = cmd;   
 194   1        _nop_(); 
 195   1        _nop_();   
 196   1        _nop_(); 
 197   1        _nop_(); 
 198   1        EN = 1; 
 199   1        _nop_(); 
 200   1        _nop_(); 
 201   1        _nop_(); 
 202   1        _nop_(); 
 203   1        EN = 0;   
 204   1        P0 = (cmd&0x0f)<<4;   
 205   1        _nop_(); 
 206   1        _nop_();   
 207   1        _nop_(); 
 208   1        _nop_(); 
 209   1        EN = 1; 
 210   1        _nop_(); 
 211   1        _nop_(); 
 212   1        _nop_(); 
 213   1        _nop_(); 
 214   1        EN = 0;   
 215   1        } 
 216          void wr_dat(int dat) 
 217          {  
 218   1        while(lcd_bz()); 
 219   1        RS = 1; 
 220   1        RW = 0; 
 221   1        EN = 0; 
 222   1        P0 = dat ;    
 223   1        _nop_(); 
 224   1        _nop_();     
 225   1        _nop_(); 
 226   1        _nop_(); 
 227   1        EN = 1; 
 228   1        _nop_(); 
 229   1        _nop_(); 
 230   1        _nop_(); 
 231   1        _nop_(); 
 232   1        EN = 0;   
 233   1        RS = 1; 
 234   1        RW = 0; 
 235   1        EN = 0; 
 236   1          _nop_(); 
 237   1        _nop_(); 
 238   1        _nop_(); 
 239   1        _nop_(); 
 240   1        P0 = (dat&0x0f)<<4;    
C51 COMPILER V9.59.0.0   FM                                                                11/27/2019 22:35:17 PAGE 5   

 241   1        _nop_(); 
 242   1        _nop_();     
 243   1        _nop_(); 
 244   1        _nop_(); 
 245   1        EN = 1; 
 246   1        _nop_(); 
 247   1        _nop_(); 
 248   1        _nop_(); 
 249   1        _nop_(); 
 250   1        EN = 0;  
 251   1      } 
 252          void lcd_init() 
 253          { 
 254   1         wr_com(0x38);                         
 255   1        lcddelay1ms(1);   
 256   1        wr_com(0x38);                         
 257   1        lcddelay1ms(1);   
 258   1        wr_com(0x28);       
 259   1        lcddelay1ms(1);   
 260   1        lcd_wcmd(0x28); 
 261   1        lcddelay1ms(1); 
 262   1          lcd_wcmd(0x0c);       
 263   1        lcddelay1ms(1); 
 264   1          lcd_wcmd(0x02);       
 265   1        lcddelay1ms(1); 
 266   1          lcd_wcmd(0x01);       
 267   1        lcddelay1ms(1); 
 268   1      } 
 269          
 270          void lcd_pos(unsigned char pos) 
 271            {                            
 272   1        lcd_wcmd(pos | 0x80); 
 273   1        } 
 274          
 275          void display1(unsigned char *p)  
 276          { 
 277   1        unsigned char i=0; 
 278   1        lcd_pos(0x00); 
 279   1        while(p[i]!='\0') 
 280   1        { 
 281   2          wr_dat(p[i]); 
 282   2          i++; 
 283   2        } 
 284   1      } 
 285          
 286          void display(uint frq)   
 287          { 
 288   1          unsigned char i=0; 
 289   1          sprintf(temp_freq, "Freq:%5.1f MHz", ((float)frq) / 10); 
 290   1          lcd_pos(0x40); 
 291   1        //temp=strcat(temp,str2)
 292   1          while(temp_freq[i]!='\0') 
 293   1        { 
 294   2          wr_dat(temp_freq[i]); 
 295   2          i++; 
 296   2        } 
 297   1      } 
 298          void init_play() 
 299          {  
 300   1        lcd_init(); 
 301   1        lcd_pos(0x00); 
 302   1        display1("Temp:"); 
C51 COMPILER V9.59.0.0   FM                                                                11/27/2019 22:35:17 PAGE 6   

 303   1        lcd_pos(0x41); 
 304   1        search();  
 305   1        radio_write(); 
 306   1        display(frequency/100); 
 307   1      }  
 308          ///////////////////Ëé∑ÂèñÊ∏©Â∫¶///////////////////////
 309          void Delay(unsigned char y)
 310          {
 311   1        unsigned char x;
 312   1        for( ; y>0; y--)
 313   1        {
 314   2          for(x=110; x>0; x--);
 315   2        }
 316   1      }
 317          /*******************************************************************************
 318          * ÂáΩ Êï∞ Âêç         : Ds18b20Init
 319          * ÂáΩÊï∞ÂäüËÉΩ       : ÂàùÂßãÂåñ
 320          * Ëæì    ÂÖ•         : Êó†
 321          * Ëæì    Âá∫         : ÂàùÂßãÂåñÊàêÂäüËøîÂõû1ÔºåÂ§±Ë¥•ËøîÂõû0
 322          *******************************************************************************/
 323          unsigned char Ds18b20Init()
 324          {
 325   1        unsigned char i;
 326   1        DSPORT = 0;      //Â∞ÜÊÄªÁ∫øÊãâ‰Ωé480us~960us
 327   1        i = 70; 
 328   1        while(i--);//Âª∂Êó∂642us
 329   1        DSPORT = 1;     //ÁÑ∂ÂêéÊãâÈ´òÊÄªÁ∫øÔºåÂ¶ÇÊûúDS18B20ÂÅöÂá∫ÂèçÂ∫î‰ºöÂ∞ÜÂú®15us~60usÂêéÊÄªÁ∫øÊãâ‰Ωé
 330   1        i = 0;
 331   1        while(DSPORT) //Á≠âÂæÖDS18B20Êãâ‰ΩéÊÄªÁ∫ø
 332   1        {
 333   2          Delay(1);
 334   2          i++;
 335   2          if(i>5)//Á≠âÂæÖ>5MS
 336   2          {
 337   3            return 0;//ÂàùÂßãÂåñÂ§±Ë¥•
 338   3          }
 339   2        
 340   2        }
 341   1        return 1;//ÂàùÂßãÂåñÊàêÂäü
 342   1      }
 343          /*******************************************************************************
 344          * ÂáΩ Êï∞ Âêç         : Ds18b20WriteByte
 345          * ÂáΩÊï∞ÂäüËÉΩ       : Âêë18B20ÂÜôÂÖ•‰∏Ä‰∏™Â≠óËäÇ
 346          * Ëæì    ÂÖ•         : Êó†
 347          * Ëæì    Âá∫         : Êó†
 348          *******************************************************************************/
 349          
 350          void Ds18b20WriteByte(unsigned char dat)
 351          {
 352   1        unsigned char i, j;
 353   1      
 354   1        for(j=0; j<8; j++)
 355   1        {
 356   2          DSPORT = 0;         //ÊØèÂÜôÂÖ•‰∏Ä‰ΩçÊï∞ÊçÆ‰πãÂâçÂÖàÊääÊÄªÁ∫øÊãâ‰Ωé1us
 357   2          i++;
 358   2          DSPORT = dat & 0x01;  //ÁÑ∂ÂêéÂÜôÂÖ•‰∏Ä‰∏™Êï∞ÊçÆÔºå‰ªéÊúÄ‰Ωé‰ΩçÂºÄÂßã
 359   2          i=6;
 360   2          while(i--); //Âª∂Êó∂68usÔºåÊåÅÁª≠Êó∂Èó¥ÊúÄÂ∞ë60us
 361   2          DSPORT = 1; //ÁÑ∂ÂêéÈáäÊîæÊÄªÁ∫øÔºåËá≥Â∞ë1usÁªôÊÄªÁ∫øÊÅ¢Â§çÊó∂Èó¥ÊâçËÉΩÊé•ÁùÄÂÜôÂÖ•Á¨¨‰∫å‰∏™Êï∞ÂÄº
 362   2          dat >>= 1;
 363   2        }
 364   1      }
C51 COMPILER V9.59.0.0   FM                                                                11/27/2019 22:35:17 PAGE 7   

 365          /*******************************************************************************
 366          * ÂáΩ Êï∞ Âêç         : Ds18b20ReadByte
 367          * ÂáΩÊï∞ÂäüËÉΩ       : ËØªÂèñ‰∏Ä‰∏™Â≠óËäÇ
 368          * Ëæì    ÂÖ•         : Êó†
 369          * Ëæì    Âá∫         : Êó†
 370          *******************************************************************************/
 371          
 372          
 373          uchar Ds18b20ReadByte()
 374          {
 375   1        unsigned char byte, bi;
 376   1        unsigned char i, j; 
 377   1        for(j=8; j>0; j--)
 378   1        {
 379   2          DSPORT = 0;//ÂÖàÂ∞ÜÊÄªÁ∫øÊãâ‰Ωé1us
 380   2          i++;
 381   2          DSPORT = 1;//ÁÑ∂ÂêéÈáäÊîæÊÄªÁ∫ø
 382   2          i++;
 383   2          i++;//Âª∂Êó∂6usÁ≠âÂæÖÊï∞ÊçÆÁ®≥ÂÆö
 384   2          bi = DSPORT;   //ËØªÂèñÊï∞ÊçÆÔºå‰ªéÊúÄ‰Ωé‰ΩçÂºÄÂßãËØªÂèñ
 385   2          /*Â∞ÜbyteÂ∑¶Áßª‰∏Ä‰ΩçÔºåÁÑ∂Âêé‰∏é‰∏äÂè≥Áßª7‰ΩçÂêéÁöÑbiÔºåÊ≥®ÊÑèÁßªÂä®‰πãÂêéÁßªÊéâÈÇ£‰ΩçË°•0„ÄÇ*/
 386   2          byte = (byte >> 1) | (bi << 7);             
 387   2          i = 4;    //ËØªÂèñÂÆå‰πãÂêéÁ≠âÂæÖ48usÂÜçÊé•ÁùÄËØªÂèñ‰∏ã‰∏Ä‰∏™Êï∞
 388   2          while(i--);
 389   2        }       
 390   1        return byte;
 391   1      }
 392          /*******************************************************************************
 393          * ÂáΩ Êï∞ Âêç         : Ds18b20ChangTemp
 394          * ÂáΩÊï∞ÂäüËÉΩ       : ËÆ©18b20ÂºÄÂßãËΩ¨Êç¢Ê∏©Â∫¶
 395          * Ëæì    ÂÖ•         : Êó†
 396          * Ëæì    Âá∫         : Êó†
 397          *******************************************************************************/
 398          
 399          void  Ds18b20ChangTemp()
 400          {
 401   1        Ds18b20Init();
 402   1        Delay(1);
 403   1        Ds18b20WriteByte(0xcc);   //Ë∑≥ËøáROMÊìç‰ΩúÂëΩ‰ª§    
 404   1        Ds18b20WriteByte(0x44);     //Ê∏©Â∫¶ËΩ¨Êç¢ÂëΩ‰ª§
 405   1        //Delay(100); //Á≠âÂæÖËΩ¨Êç¢ÊàêÂäüÔºåËÄåÂ¶ÇÊûú‰Ω†ÊòØ‰∏ÄÁõ¥Âà∑ÁùÄÁöÑËØùÔºåÂ∞±‰∏çÁî®Ëøô‰∏™Âª∂Êó∂‰∫Ü
 406   1         
 407   1      }
 408          /*******************************************************************************
 409          * ÂáΩ Êï∞ Âêç         : Ds18b20ReadTempCom
 410          * ÂáΩÊï∞ÂäüËÉΩ       : ÂèëÈÄÅËØªÂèñÊ∏©Â∫¶ÂëΩ‰ª§
 411          * Ëæì    ÂÖ•         : Êó†
 412          * Ëæì    Âá∫         : Êó†
 413          *******************************************************************************/
 414          
 415          void  Ds18b20ReadTempCom()
 416          { 
 417   1      
 418   1        Ds18b20Init();
 419   1        Delay(1);
 420   1        Ds18b20WriteByte(0xcc);  //Ë∑≥ËøáROMÊìç‰ΩúÂëΩ‰ª§
 421   1        Ds18b20WriteByte(0xbe);  //ÂèëÈÄÅËØªÂèñÊ∏©Â∫¶ÂëΩ‰ª§
 422   1      }
 423          /*******************************************************************************
 424          * ÂáΩ Êï∞ Âêç         : Ds18b20ReadTemp
 425          * ÂáΩÊï∞ÂäüËÉΩ       : ËØªÂèñÊ∏©Â∫¶
 426          * Ëæì    ÂÖ•         : Êó†
C51 COMPILER V9.59.0.0   FM                                                                11/27/2019 22:35:17 PAGE 8   

 427          * Ëæì    Âá∫         : Êó†
 428          *******************************************************************************/
 429          
 430          int Ds18b20ReadTemp()
 431          {
 432   1        int temp = 0;
 433   1        uchar tmh, tml;
 434   1        Ds18b20ChangTemp();       //ÂÖàÂÜôÂÖ•ËΩ¨Êç¢ÂëΩ‰ª§
 435   1        Ds18b20ReadTempCom();     //ÁÑ∂ÂêéÁ≠âÂæÖËΩ¨Êç¢ÂÆåÂêéÂèëÈÄÅËØªÂèñÊ∏©Â∫¶ÂëΩ‰ª§
 436   1        tml = Ds18b20ReadByte();    //ËØªÂèñÊ∏©Â∫¶ÂÄºÂÖ±16‰ΩçÔºåÂÖàËØª‰ΩéÂ≠óËäÇ
 437   1        tmh = Ds18b20ReadByte();    //ÂÜçËØªÈ´òÂ≠óËäÇ
 438   1        temp = tmh;
 439   1        temp <<= 8;
 440   1        temp |= tml;
 441   1        return temp;
 442   1      }
 443          /*******************************************************************************
 444          * ÂáΩ Êï∞ Âêç         : datapros()
 445          * ÂáΩÊï∞ÂäüËÉΩ       : Ê∏©Â∫¶ËØªÂèñÂ§ÑÁêÜËΩ¨Êç¢ÂáΩÊï∞
 446          * Ëæì    ÂÖ•         : temp
 447          * Ëæì    Âá∫         : Êó†
 448          *******************************************************************************/
 449          
 450          void datapros()    
 451          {
 452   1        int temp=Ds18b20ReadTemp();
 453   1        float tp;  
 454   1        if(temp< 0)       //ÂΩìÊ∏©Â∫¶ÂÄº‰∏∫Ë¥üÊï∞
 455   1          {
 456   2          DisplayData[0] = 0x2d;//0x40;     //   -
 457   2          //Âõ†‰∏∫ËØªÂèñÁöÑÊ∏©Â∫¶ÊòØÂÆûÈôÖÊ∏©Â∫¶ÁöÑË°•Á†ÅÔºåÊâÄ‰ª•Âáè1ÔºåÂÜçÂèñÂèçÊ±ÇÂá∫ÂéüÁ†Å
 458   2          temp=temp-1;
 459   2          temp=~temp;
 460   2          tp=temp;
 461   2          temp=tp*0.0625*100+0.5; 
 462   2          //Áïô‰∏§‰∏™Â∞èÊï∞ÁÇπÂ∞±*100Ôºå+0.5ÊòØÂõõËàç‰∫îÂÖ•ÔºåÂõ†‰∏∫CËØ≠Ë®ÄÊµÆÁÇπÊï∞ËΩ¨Êç¢‰∏∫Êï¥ÂûãÁöÑÊó∂ÂÄôÊääÂ∞è
             -Êï∞ÁÇπ
 463   2          //ÂêéÈù¢ÁöÑÊï∞Ëá™Âä®ÂéªÊéâÔºå‰∏çÁÆ°ÊòØÂê¶Â§ß‰∫é0.5ÔºåËÄå+0.5‰πãÂêéÂ§ß‰∫é0.5ÁöÑÂ∞±ÊòØËøõ1‰∫ÜÔºåÂ∞è‰∫é0.5Á
             -öÑÂ∞±
 464   2          //ÁÆóÂä†‰∏ä0.5ÔºåËøòÊòØÂú®Â∞èÊï∞ÁÇπÂêéÈù¢„ÄÇ
 465   2       
 466   2          }
 467   1        else
 468   1          {     
 469   2          DisplayData[0] = 0x2b;//0x00;
 470   2          tp=temp;//Âõ†‰∏∫Êï∞ÊçÆÂ§ÑÁêÜÊúâÂ∞èÊï∞ÁÇπÊâÄ‰ª•Â∞ÜÊ∏©Â∫¶ËµãÁªô‰∏Ä‰∏™ÊµÆÁÇπÂûãÂèòÈáè
 471   2          //Â¶ÇÊûúÊ∏©Â∫¶ÊòØÊ≠£ÁöÑÈÇ£‰πàÔºåÈÇ£‰πàÊ≠£Êï∞ÁöÑÂéüÁ†ÅÂ∞±ÊòØË°•Á†ÅÂÆÉÊú¨Ë∫´
 472   2          temp=tp*0.0625*100+0.5; 
 473   2          //Áïô‰∏§‰∏™Â∞èÊï∞ÁÇπÂ∞±*100Ôºå+0.5ÊòØÂõõËàç‰∫îÂÖ•ÔºåÂõ†‰∏∫CËØ≠Ë®ÄÊµÆÁÇπÊï∞ËΩ¨Êç¢‰∏∫Êï¥ÂûãÁöÑÊó∂ÂÄôÊääÂ∞è
             -Êï∞ÁÇπ
 474   2          //ÂêéÈù¢ÁöÑÊï∞Ëá™Âä®ÂéªÊéâÔºå‰∏çÁÆ°ÊòØÂê¶Â§ß‰∫é0.5ÔºåËÄå+0.5‰πãÂêéÂ§ß‰∫é0.5ÁöÑÂ∞±ÊòØËøõ1‰∫ÜÔºåÂ∞è‰∫é0.5Á
             -öÑÂ∞±
 475   2          //ÁÆóÂä†‰∏ä0.5ÔºåËøòÊòØÂú®Â∞èÊï∞ÁÇπÂêéÈù¢„ÄÇ
 476   2        }
 477   1        DisplayData[1]=temp/1000+0x30;//Áôæ‰ΩçÊï∞
 478   1        DisplayData[2]=temp%1000/100+0x30;//ÂçÅ‰ΩçÊï∞
 479   1        DisplayData[4]=temp%100/10+0x30;//‰∏™‰ΩçÊï∞
 480   1        DisplayData[3]=0x2e;
 481   1        DisplayData[5]=temp%10+0x30;//Â∞èÊï∞‰Ωç
 482   1        //DisplayData[6]=0xe5;
 483   1      }
 484          
C51 COMPILER V9.59.0.0   FM                                                                11/27/2019 22:35:17 PAGE 9   

 485          void main()   
 486          { 
 487   1          init_play(); 
 488   1            
 489   1          while (1) 
 490   1          { 
 491   2          //ÊòæÁ§∫Ê∏©Â∫¶
 492   2          datapros();
 493   2          lcd_pos(0x00);//Ëøô‰∏™‰ΩçÁΩÆË¶ÅÊîπ
 494   2          //temp_temp=strcat("Temp:",DisplayData);
 495   2          strcpy(temp_temp,strcat(strcpy(temp_temp,"Temp:"),DisplayData));
 496   2          display1(temp_temp);
 497   2          
 498   2          //
 499   2              if (!KEY1)   
 500   2              { 
 501   3                  delays(10);//(250);   
 502   3                  if (!KEY1) 
 503   3                  { 
 504   4                      frequency += 100; 
 505   4                      if (frequency > 108500)   
 506   4                          frequency = 75000;//87500;    
 507   4                      search(); 
 508   4                      display(frequency / 100);   
 509   4                  } 
 510   3              }  
 511   2              else if (!KEY2)   
 512   2              { 
 513   3                  delays(10);//(250);   
 514   3                  if (!KEY2) 
 515   3                  { 
 516   4                      frequency -= 100; 
 517   4                      if (frequency < 75000)//87500)    
 518   4                          frequency = 108500;   
 519   4                      search(); 
 520   4                      display(frequency / 100);   
 521   4                  } 
 522   3                  display(frequency / 100);   
 523   3              } 
 524   2          else
 525   2          {
 526   3            Delay(100);
 527   3          }
 528   2          
 529   2          } 
 530   1      } 


MODULE INFORMATION:   STATIC OVERLAYABLE
   CODE SIZE        =   1332    ----
   CONSTANT SIZE    =     21    ----
   XDATA SIZE       =   ----    ----
   PDATA SIZE       =   ----    ----
   DATA SIZE        =     49       8
   IDATA SIZE       =   ----    ----
   BIT SIZE         =   ----       2
END OF MODULE INFORMATION.


C51 COMPILATION COMPLETE.  0 WARNING(S),  0 ERROR(S)
